2024/09/14 18:02:04 main.go:51: Starting GoTaskMaster
2024/09/14 18:02:04 main.go:57: Configuration loaded from config.yaml
2024/09/14 18:02:04 manager.go:81: Initializing manager with 2 processes from config
2024/09/14 18:02:04 manager.go:97: Successfully added process: process1
2024/09/14 18:02:04 manager.go:97: Successfully added process: process2
2024/09/14 18:02:04 manager.go:154: Auto-starting process: process1
2024/09/14 18:02:04 main.go:60: Process Manager initialized
2024/09/14 18:05:09 main.go:51: Starting GoTaskMaster
2024/09/14 18:05:09 main.go:57: Configuration loaded from config.yaml
2024/09/14 18:05:09 manager.go:81: Initializing manager with 2 processes from config
2024/09/14 18:05:09 manager.go:97: Successfully added process: process1
2024/09/14 18:05:09 manager.go:97: Successfully added process: process2
2024/09/14 18:05:09 manager.go:154: Auto-starting process: process1
2024/09/14 18:05:09 main.go:60: Process Manager initialized
2024/09/14 18:20:37 main.go:51: Starting GoTaskMaster
2024/09/14 18:20:37 main.go:57: Configuration loaded from config.yaml
2024/09/14 18:20:37 manager.go:81: Initializing manager with 2 processes from config
2024/09/14 18:20:37 manager.go:97: Successfully added process: process1
2024/09/14 18:20:37 manager.go:97: Successfully added process: process2
2024/09/14 18:20:37 manager.go:154: Auto-starting process: process1
2024/09/14 18:20:37 main.go:60: Process Manager initialized
2024/09/14 18:34:37 main.go:51: Starting GoTaskMaster
2024/09/14 18:34:37 main.go:57: Configuration loaded from config.yaml
2024/09/14 18:34:37 manager.go:104: Initializing manager with 2 processes from config
2024/09/14 18:34:37 manager.go:120: Successfully added process: process1
2024/09/14 18:34:37 manager.go:120: Successfully added process: process2
2024/09/14 18:34:37 manager.go:177: Auto-starting process: process1
2024/09/14 18:34:37 main.go:60: Process Manager initialized
2024/09/14 18:39:03 main.go:51: Starting GoTaskMaster
2024/09/14 18:39:03 main.go:57: Configuration loaded from config.yaml
2024/09/14 18:39:03 manager.go:104: Initializing manager with 2 processes from config
2024/09/14 18:39:03 manager.go:120: Successfully added process: process1
2024/09/14 18:39:03 manager.go:120: Successfully added process: process2
2024/09/14 18:39:03 manager.go:177: Auto-starting process: process1
2024/09/14 18:39:03 main.go:60: Process Manager initialized
2024/09/14 18:43:08 main.go:51: Starting GoTaskMaster
2024/09/14 18:43:08 main.go:57: Configuration loaded from config.yaml
2024/09/14 18:43:08 manager.go:104: Initializing manager with 2 processes from config
2024/09/14 18:43:08 manager.go:120: Successfully added process: process1
2024/09/14 18:43:08 manager.go:120: Successfully added process: process2
2024/09/14 18:43:08 manager.go:178: Auto-starting process: process1
2024/09/14 18:43:08 main.go:60: Process Manager initialized
2024/09/14 18:44:57 main.go:51: Starting GoTaskMaster
2024/09/14 18:44:57 main.go:57: Configuration loaded from config.yaml
2024/09/14 18:44:57 manager.go:104: Initializing manager with 2 processes from config
2024/09/14 18:44:57 manager.go:120: Successfully added process: process1
2024/09/14 18:44:57 manager.go:120: Successfully added process: process2
2024/09/14 18:44:57 manager.go:178: Auto-starting process: process1
2024/09/14 18:44:57 main.go:60: Process Manager initialized
2024/09/14 19:32:19 main.go:51: Starting GoTaskMaster
2024/09/14 19:32:19 main.go:57: Configuration loaded from config.yaml
2024/09/14 19:32:19 manager.go:104: Initializing manager with 2 processes from config
2024/09/14 19:32:19 manager.go:120: Successfully added process: process1
2024/09/14 19:32:19 manager.go:120: Successfully added process: process2
2024/09/14 19:32:19 manager.go:178: Auto-starting process: process1
2024/09/14 19:32:19 main.go:60: Process Manager initialized
2024/09/14 19:33:54 main.go:51: Starting GoTaskMaster
2024/09/14 19:33:54 main.go:57: Configuration loaded from config.yaml
2024/09/14 19:33:54 manager.go:104: Initializing manager with 2 processes from config
2024/09/14 19:33:54 manager.go:120: Successfully added process: process1
2024/09/14 19:33:54 manager.go:120: Successfully added process: process2
2024/09/14 19:33:54 manager.go:178: Auto-starting process: process1
2024/09/14 19:33:54 main.go:60: Process Manager initialized
2024/09/14 19:38:45 main.go:51: Starting GoTaskMaster
2024/09/14 19:38:45 main.go:57: Configuration loaded from config.yaml
2024/09/14 19:38:45 manager.go:104: Initializing manager with 2 processes from config
2024/09/14 19:38:45 manager.go:120: Successfully added process: process1
2024/09/14 19:38:45 manager.go:120: Successfully added process: process2
2024/09/14 19:38:45 manager.go:178: Auto-starting process: process1
2024/09/14 19:38:45 main.go:60: Process Manager initialized
2024/09/14 20:04:15 main.go:51: Starting GoTaskMaster
2024/09/14 20:04:15 main.go:57: Configuration loaded from config.yaml
2024/09/14 20:04:15 manager.go:104: Initializing manager with 2 processes from config
2024/09/14 20:04:15 manager.go:120: Successfully added process: process1
2024/09/14 20:04:15 manager.go:120: Successfully added process: process2
2024/09/14 20:04:15 manager.go:178: Auto-starting process: process1
2024/09/14 20:04:15 main.go:60: Process Manager initialized
2024/09/14 20:09:27 main.go:51: Starting GoTaskMaster
2024/09/14 20:09:27 main.go:57: Configuration loaded from config.yaml
2024/09/14 20:09:27 manager.go:104: Initializing manager with 2 processes from config
2024/09/14 20:09:27 manager.go:120: Successfully added process: process1
2024/09/14 20:09:27 manager.go:120: Successfully added process: process2
2024/09/14 20:09:27 manager.go:178: Auto-starting process: process1
2024/09/14 20:09:27 main.go:60: Process Manager initialized
2024/09/14 20:11:42 main.go:51: Starting GoTaskMaster
2024/09/14 20:11:42 main.go:57: Configuration loaded from config.yaml
2024/09/14 20:11:42 manager.go:104: Initializing manager with 2 processes from config
2024/09/14 20:11:42 manager.go:120: Successfully added process: process1
2024/09/14 20:11:42 manager.go:120: Successfully added process: process2
2024/09/14 20:11:42 manager.go:178: Auto-starting process: process1
2024/09/14 20:11:42 main.go:60: Process Manager initialized
2024/09/14 20:19:06 main.go:51: Starting GoTaskMaster
2024/09/14 20:19:06 main.go:57: Configuration loaded from config.yaml
2024/09/14 20:19:06 manager.go:104: Initializing manager with 2 processes from config
2024/09/14 20:19:06 manager.go:120: Successfully added process: process1
2024/09/14 20:19:06 manager.go:120: Successfully added process: process2
2024/09/14 20:19:06 manager.go:178: Auto-starting process: process1
2024/09/14 20:19:06 main.go:60: Process Manager initialized
2024/09/14 20:20:42 main.go:51: Starting GoTaskMaster
2024/09/14 20:20:42 main.go:57: Configuration loaded from config.yaml
2024/09/14 20:20:42 manager.go:104: Initializing manager with 2 processes from config
2024/09/14 20:20:42 manager.go:120: Successfully added process: process1
2024/09/14 20:20:42 manager.go:120: Successfully added process: process2
2024/09/14 20:20:42 manager.go:178: Auto-starting process: process1
2024/09/14 20:20:42 main.go:60: Process Manager initialized
2024/09/14 20:22:38 main.go:51: Starting GoTaskMaster
2024/09/14 20:22:38 main.go:57: Configuration loaded from config.yaml
2024/09/14 20:22:38 manager.go:104: Initializing manager with 2 processes from config
2024/09/14 20:22:38 manager.go:120: Successfully added process: process1
2024/09/14 20:22:38 manager.go:120: Successfully added process: process2
2024/09/14 20:22:38 manager.go:178: Auto-starting process: process1
2024/09/14 20:22:38 main.go:60: Process Manager initialized
2024/09/14 20:27:24 main.go:51: Starting GoTaskMaster
2024/09/14 20:27:24 main.go:57: Configuration loaded from config.yaml
2024/09/14 20:27:24 manager.go:104: Initializing manager with 2 processes from config
2024/09/14 20:27:24 manager.go:120: Successfully added process: process1
2024/09/14 20:27:24 manager.go:120: Successfully added process: process2
2024/09/14 20:27:24 manager.go:178: Auto-starting process: process1
2024/09/14 20:27:24 main.go:60: Process Manager initialized
2024/09/14 20:29:48 main.go:51: Starting GoTaskMaster
2024/09/14 20:29:48 main.go:57: Configuration loaded from config.yaml
2024/09/14 20:29:48 manager.go:104: Initializing manager with 2 processes from config
2024/09/14 20:29:48 manager.go:120: Successfully added process: process1
2024/09/14 20:29:48 manager.go:120: Successfully added process: process2
2024/09/14 20:29:48 manager.go:178: Auto-starting process: process1
2024/09/14 20:29:48 main.go:60: Process Manager initialized
2024/09/14 20:30:50 main.go:51: Starting GoTaskMaster
2024/09/14 20:30:50 main.go:57: Configuration loaded from config.yaml
2024/09/14 20:30:50 manager.go:104: Initializing manager with 2 processes from config
2024/09/14 20:30:50 manager.go:120: Successfully added process: process1
2024/09/14 20:30:50 manager.go:120: Successfully added process: process2
2024/09/14 20:30:50 manager.go:178: Auto-starting process: process1
2024/09/14 20:30:50 main.go:60: Process Manager initialized
2024/09/14 20:31:24 main.go:51: Starting GoTaskMaster
2024/09/14 20:31:24 main.go:57: Configuration loaded from config.yaml
2024/09/14 20:31:24 manager.go:104: Initializing manager with 2 processes from config
2024/09/14 20:31:24 manager.go:120: Successfully added process: process1
2024/09/14 20:31:24 manager.go:120: Successfully added process: process2
2024/09/14 20:31:24 manager.go:178: Auto-starting process: process1
2024/09/14 20:31:24 main.go:60: Process Manager initialized
2024/09/14 20:32:19 main.go:51: Starting GoTaskMaster
2024/09/14 20:32:19 main.go:57: Configuration loaded from config.yaml
2024/09/14 20:32:19 manager.go:104: Initializing manager with 2 processes from config
2024/09/14 20:32:19 manager.go:120: Successfully added process: process1
2024/09/14 20:32:19 manager.go:120: Successfully added process: process2
2024/09/14 20:32:19 manager.go:178: Auto-starting process: process1
2024/09/14 20:32:19 main.go:60: Process Manager initialized
2024/09/14 20:33:46 main.go:51: Starting GoTaskMaster
2024/09/14 20:33:46 main.go:57: Configuration loaded from config.yaml
2024/09/14 20:33:46 manager.go:104: Initializing manager with 2 processes from config
2024/09/14 20:33:46 manager.go:120: Successfully added process: process1
2024/09/14 20:33:46 manager.go:120: Successfully added process: process2
2024/09/14 20:33:46 manager.go:178: Auto-starting process: process1
2024/09/14 20:33:46 main.go:60: Process Manager initialized
2024/09/14 20:48:17 main.go:51: Starting GoTaskMaster
2024/09/14 20:48:17 main.go:57: Configuration loaded from config.yaml
2024/09/14 20:48:17 manager.go:104: Initializing manager with 2 processes from config
2024/09/14 20:48:17 manager.go:120: Successfully added process: process1
2024/09/14 20:48:17 manager.go:120: Successfully added process: process2
2024/09/14 20:48:17 manager.go:178: Auto-starting process: process1
2024/09/14 20:48:17 main.go:60: Process Manager initialized
2024/09/14 20:54:52 main.go:51: Starting GoTaskMaster
2024/09/14 20:54:52 main.go:57: Configuration loaded from config.yaml
2024/09/14 20:54:52 manager.go:103: Initializing manager with 2 processes from config
2024/09/14 20:54:52 manager.go:119: Successfully added process: process1
2024/09/14 20:54:52 manager.go:119: Successfully added process: process2
2024/09/14 20:54:52 manager.go:177: Auto-starting process: process1
2024/09/14 20:54:52 main.go:60: Process Manager initialized
2024/09/14 21:20:54 main.go:51: Starting GoTaskMaster
2024/09/14 21:20:54 main.go:57: Configuration loaded from config.yaml
2024/09/14 21:20:54 manager.go:96: Initializing manager with 2 processes from config
2024/09/14 21:20:54 manager.go:112: Successfully added process: process1
2024/09/14 21:20:54 manager.go:112: Successfully added process: process2
2024/09/14 21:20:54 manager.go:170: Auto-starting process: process1
2024/09/14 21:20:54 main.go:60: Process Manager initialized
2024/09/14 21:20:55 manager.go:219: Process process1 exited with error: failed to start process: exec: "echo": executable file not found in %PATH%. Restarting in 5 seconds...
2024/09/14 21:21:00 manager.go:219: Process process1 exited with error: failed to start process: exec: "echo": executable file not found in %PATH%. Restarting in 5 seconds...
2024/09/14 21:21:05 manager.go:219: Process process1 exited with error: failed to start process: exec: "echo": executable file not found in %PATH%. Restarting in 5 seconds...
2024/09/14 21:21:10 manager.go:219: Process process1 exited with error: failed to start process: exec: "echo": executable file not found in %PATH%. Restarting in 5 seconds...
2024/09/14 21:21:15 manager.go:219: Process process1 exited with error: failed to start process: exec: "echo": executable file not found in %PATH%. Restarting in 5 seconds...
2024/09/14 21:21:20 manager.go:219: Process process1 exited with error: failed to start process: exec: "echo": executable file not found in %PATH%. Restarting in 5 seconds...
2024/09/14 21:21:25 manager.go:219: Process process1 exited with error: failed to start process: exec: "echo": executable file not found in %PATH%. Restarting in 5 seconds...
2024/09/14 21:21:30 manager.go:219: Process process1 exited with error: failed to start process: exec: "echo": executable file not found in %PATH%. Restarting in 5 seconds...
2024/09/14 21:21:36 manager.go:219: Process process1 exited with error: failed to start process: exec: "echo": executable file not found in %PATH%. Restarting in 5 seconds...
2024/09/14 21:21:41 manager.go:219: Process process1 exited with error: failed to start process: exec: "echo": executable file not found in %PATH%. Restarting in 5 seconds...
2024/09/14 21:21:46 manager.go:219: Process process1 exited with error: failed to start process: exec: "echo": executable file not found in %PATH%. Restarting in 5 seconds...
2024/09/14 21:21:51 manager.go:219: Process process1 exited with error: failed to start process: exec: "echo": executable file not found in %PATH%. Restarting in 5 seconds...
2024/09/14 21:21:56 manager.go:219: Process process1 exited with error: failed to start process: exec: "echo": executable file not found in %PATH%. Restarting in 5 seconds...
2024/09/14 21:22:01 manager.go:219: Process process1 exited with error: failed to start process: exec: "echo": executable file not found in %PATH%. Restarting in 5 seconds...
2024/09/14 21:22:06 manager.go:219: Process process1 exited with error: failed to start process: exec: "echo": executable file not found in %PATH%. Restarting in 5 seconds...
2024/09/14 21:22:11 manager.go:219: Process process1 exited with error: failed to start process: exec: "echo": executable file not found in %PATH%. Restarting in 5 seconds...
2024/09/14 21:22:17 manager.go:219: Process process1 exited with error: failed to start process: exec: "echo": executable file not found in %PATH%. Restarting in 5 seconds...
2024/09/14 21:22:22 manager.go:219: Process process1 exited with error: failed to start process: exec: "echo": executable file not found in %PATH%. Restarting in 5 seconds...
2024/09/14 21:22:27 manager.go:219: Process process1 exited with error: failed to start process: exec: "echo": executable file not found in %PATH%. Restarting in 5 seconds...
2024/09/14 21:22:32 manager.go:219: Process process1 exited with error: failed to start process: exec: "echo": executable file not found in %PATH%. Restarting in 5 seconds...
2024/09/14 21:22:37 manager.go:219: Process process1 exited with error: failed to start process: exec: "echo": executable file not found in %PATH%. Restarting in 5 seconds...
2024/09/14 21:22:42 manager.go:219: Process process1 exited with error: failed to start process: exec: "echo": executable file not found in %PATH%. Restarting in 5 seconds...
2024/09/14 21:22:47 manager.go:219: Process process1 exited with error: failed to start process: exec: "echo": executable file not found in %PATH%. Restarting in 5 seconds...
2024/09/14 21:22:52 manager.go:219: Process process1 exited with error: failed to start process: exec: "echo": executable file not found in %PATH%. Restarting in 5 seconds...
2024/09/14 21:22:58 manager.go:219: Process process1 exited with error: failed to start process: exec: "echo": executable file not found in %PATH%. Restarting in 5 seconds...
2024/09/14 21:23:03 manager.go:219: Process process1 exited with error: failed to start process: exec: "echo": executable file not found in %PATH%. Restarting in 5 seconds...
2024/09/14 21:23:08 manager.go:219: Process process1 exited with error: failed to start process: exec: "echo": executable file not found in %PATH%. Restarting in 5 seconds...
2024/09/14 21:23:13 manager.go:219: Process process1 exited with error: failed to start process: exec: "echo": executable file not found in %PATH%. Restarting in 5 seconds...
2024/09/14 21:23:18 manager.go:219: Process process1 exited with error: failed to start process: exec: "echo": executable file not found in %PATH%. Restarting in 5 seconds...
2024/09/14 21:23:23 manager.go:219: Process process1 exited with error: failed to start process: exec: "echo": executable file not found in %PATH%. Restarting in 5 seconds...
2024/09/14 21:23:28 manager.go:219: Process process1 exited with error: failed to start process: exec: "echo": executable file not found in %PATH%. Restarting in 5 seconds...
2024/09/14 21:23:33 manager.go:219: Process process1 exited with error: failed to start process: exec: "echo": executable file not found in %PATH%. Restarting in 5 seconds...
2024/09/14 21:23:39 manager.go:219: Process process1 exited with error: failed to start process: exec: "echo": executable file not found in %PATH%. Restarting in 5 seconds...
2024/09/14 21:23:44 manager.go:219: Process process1 exited with error: failed to start process: exec: "echo": executable file not found in %PATH%. Restarting in 5 seconds...
2024/09/14 21:23:49 manager.go:219: Process process1 exited with error: failed to start process: exec: "echo": executable file not found in %PATH%. Restarting in 5 seconds...
2024/09/14 21:23:54 manager.go:219: Process process1 exited with error: failed to start process: exec: "echo": executable file not found in %PATH%. Restarting in 5 seconds...
2024/09/14 21:23:59 manager.go:219: Process process1 exited with error: failed to start process: exec: "echo": executable file not found in %PATH%. Restarting in 5 seconds...
2024/09/14 21:24:04 manager.go:219: Process process1 exited with error: failed to start process: exec: "echo": executable file not found in %PATH%. Restarting in 5 seconds...
2024/09/14 21:24:09 manager.go:219: Process process1 exited with error: failed to start process: exec: "echo": executable file not found in %PATH%. Restarting in 5 seconds...
2024/09/14 21:24:15 manager.go:219: Process process1 exited with error: failed to start process: exec: "echo": executable file not found in %PATH%. Restarting in 5 seconds...
2024/09/14 21:24:20 manager.go:219: Process process1 exited with error: failed to start process: exec: "echo": executable file not found in %PATH%. Restarting in 5 seconds...
2024/09/14 21:24:25 manager.go:219: Process process1 exited with error: failed to start process: exec: "echo": executable file not found in %PATH%. Restarting in 5 seconds...
2024/09/14 21:24:30 manager.go:219: Process process1 exited with error: failed to start process: exec: "echo": executable file not found in %PATH%. Restarting in 5 seconds...
2024/09/14 21:24:35 manager.go:219: Process process1 exited with error: failed to start process: exec: "echo": executable file not found in %PATH%. Restarting in 5 seconds...
2024/09/14 21:24:40 manager.go:219: Process process1 exited with error: failed to start process: exec: "echo": executable file not found in %PATH%. Restarting in 5 seconds...
2024/09/14 21:24:45 manager.go:219: Process process1 exited with error: failed to start process: exec: "echo": executable file not found in %PATH%. Restarting in 5 seconds...
2024/09/14 21:24:51 manager.go:219: Process process1 exited with error: failed to start process: exec: "echo": executable file not found in %PATH%. Restarting in 5 seconds...
2024/09/14 21:24:56 manager.go:219: Process process1 exited with error: failed to start process: exec: "echo": executable file not found in %PATH%. Restarting in 5 seconds...
2024/09/14 21:25:01 manager.go:219: Process process1 exited with error: failed to start process: exec: "echo": executable file not found in %PATH%. Restarting in 5 seconds...
2024/09/14 21:25:06 manager.go:219: Process process1 exited with error: failed to start process: exec: "echo": executable file not found in %PATH%. Restarting in 5 seconds...
2024/09/14 21:25:11 manager.go:219: Process process1 exited with error: failed to start process: exec: "echo": executable file not found in %PATH%. Restarting in 5 seconds...
2024/09/14 21:25:16 manager.go:219: Process process1 exited with error: failed to start process: exec: "echo": executable file not found in %PATH%. Restarting in 5 seconds...
2024/09/14 21:25:22 manager.go:219: Process process1 exited with error: failed to start process: exec: "echo": executable file not found in %PATH%. Restarting in 5 seconds...
2024/09/14 21:25:27 manager.go:219: Process process1 exited with error: failed to start process: exec: "echo": executable file not found in %PATH%. Restarting in 5 seconds...
2024/09/14 21:25:32 manager.go:219: Process process1 exited with error: failed to start process: exec: "echo": executable file not found in %PATH%. Restarting in 5 seconds...
2024/09/14 21:25:37 manager.go:219: Process process1 exited with error: failed to start process: exec: "echo": executable file not found in %PATH%. Restarting in 5 seconds...
2024/09/14 21:25:42 manager.go:219: Process process1 exited with error: failed to start process: exec: "echo": executable file not found in %PATH%. Restarting in 5 seconds...
2024/09/14 21:25:47 manager.go:219: Process process1 exited with error: failed to start process: exec: "echo": executable file not found in %PATH%. Restarting in 5 seconds...
2024/09/14 21:25:53 manager.go:219: Process process1 exited with error: failed to start process: exec: "echo": executable file not found in %PATH%. Restarting in 5 seconds...
2024/09/14 21:25:58 manager.go:219: Process process1 exited with error: failed to start process: exec: "echo": executable file not found in %PATH%. Restarting in 5 seconds...
2024/09/14 21:26:03 manager.go:219: Process process1 exited with error: failed to start process: exec: "echo": executable file not found in %PATH%. Restarting in 5 seconds...
2024/09/14 21:26:08 manager.go:219: Process process1 exited with error: failed to start process: exec: "echo": executable file not found in %PATH%. Restarting in 5 seconds...
2024/09/14 21:26:13 manager.go:219: Process process1 exited with error: failed to start process: exec: "echo": executable file not found in %PATH%. Restarting in 5 seconds...
2024/09/14 21:26:19 manager.go:219: Process process1 exited with error: failed to start process: exec: "echo": executable file not found in %PATH%. Restarting in 5 seconds...
2024/09/14 21:26:24 manager.go:219: Process process1 exited with error: failed to start process: exec: "echo": executable file not found in %PATH%. Restarting in 5 seconds...
2024/09/14 21:26:29 manager.go:219: Process process1 exited with error: failed to start process: exec: "echo": executable file not found in %PATH%. Restarting in 5 seconds...
2024/09/14 21:26:34 manager.go:219: Process process1 exited with error: failed to start process: exec: "echo": executable file not found in %PATH%. Restarting in 5 seconds...
2024/09/14 21:26:39 manager.go:219: Process process1 exited with error: failed to start process: exec: "echo": executable file not found in %PATH%. Restarting in 5 seconds...
2024/09/14 21:26:44 manager.go:219: Process process1 exited with error: failed to start process: exec: "echo": executable file not found in %PATH%. Restarting in 5 seconds...
2024/09/14 21:26:50 manager.go:219: Process process1 exited with error: failed to start process: exec: "echo": executable file not found in %PATH%. Restarting in 5 seconds...
2024/09/14 21:26:55 manager.go:219: Process process1 exited with error: failed to start process: exec: "echo": executable file not found in %PATH%. Restarting in 5 seconds...
2024/09/14 21:27:00 manager.go:219: Process process1 exited with error: failed to start process: exec: "echo": executable file not found in %PATH%. Restarting in 5 seconds...
2024/09/14 21:27:05 manager.go:219: Process process1 exited with error: failed to start process: exec: "echo": executable file not found in %PATH%. Restarting in 5 seconds...
2024/09/14 21:27:10 manager.go:219: Process process1 exited with error: failed to start process: exec: "echo": executable file not found in %PATH%. Restarting in 5 seconds...
2024/09/14 21:27:16 manager.go:219: Process process1 exited with error: failed to start process: exec: "echo": executable file not found in %PATH%. Restarting in 5 seconds...
2024/09/14 21:27:21 manager.go:219: Process process1 exited with error: failed to start process: exec: "echo": executable file not found in %PATH%. Restarting in 5 seconds...
2024/09/14 21:27:26 manager.go:219: Process process1 exited with error: failed to start process: exec: "echo": executable file not found in %PATH%. Restarting in 5 seconds...
2024/09/14 21:27:31 manager.go:219: Process process1 exited with error: failed to start process: exec: "echo": executable file not found in %PATH%. Restarting in 5 seconds...
2024/09/14 21:27:36 manager.go:219: Process process1 exited with error: failed to start process: exec: "echo": executable file not found in %PATH%. Restarting in 5 seconds...
2024/09/14 21:27:41 manager.go:219: Process process1 exited with error: failed to start process: exec: "echo": executable file not found in %PATH%. Restarting in 5 seconds...
2024/09/14 21:27:47 manager.go:219: Process process1 exited with error: failed to start process: exec: "echo": executable file not found in %PATH%. Restarting in 5 seconds...
2024/09/14 21:27:52 manager.go:219: Process process1 exited with error: failed to start process: exec: "echo": executable file not found in %PATH%. Restarting in 5 seconds...
2024/09/14 21:27:57 manager.go:219: Process process1 exited with error: failed to start process: exec: "echo": executable file not found in %PATH%. Restarting in 5 seconds...
2024/09/14 21:28:02 manager.go:219: Process process1 exited with error: failed to start process: exec: "echo": executable file not found in %PATH%. Restarting in 5 seconds...
2024/09/14 21:28:07 manager.go:219: Process process1 exited with error: failed to start process: exec: "echo": executable file not found in %PATH%. Restarting in 5 seconds...
2024/09/14 21:28:13 manager.go:219: Process process1 exited with error: failed to start process: exec: "echo": executable file not found in %PATH%. Restarting in 5 seconds...
2024/09/14 21:28:18 manager.go:219: Process process1 exited with error: failed to start process: exec: "echo": executable file not found in %PATH%. Restarting in 5 seconds...
2024/09/14 21:28:23 manager.go:219: Process process1 exited with error: failed to start process: exec: "echo": executable file not found in %PATH%. Restarting in 5 seconds...
2024/09/14 21:28:28 manager.go:219: Process process1 exited with error: failed to start process: exec: "echo": executable file not found in %PATH%. Restarting in 5 seconds...
2024/09/14 21:28:33 manager.go:219: Process process1 exited with error: failed to start process: exec: "echo": executable file not found in %PATH%. Restarting in 5 seconds...
2024/09/14 21:28:39 manager.go:219: Process process1 exited with error: failed to start process: exec: "echo": executable file not found in %PATH%. Restarting in 5 seconds...
2024/09/14 21:28:44 manager.go:219: Process process1 exited with error: failed to start process: exec: "echo": executable file not found in %PATH%. Restarting in 5 seconds...
2024/09/14 21:28:49 manager.go:219: Process process1 exited with error: failed to start process: exec: "echo": executable file not found in %PATH%. Restarting in 5 seconds...
2024/09/14 21:28:54 manager.go:219: Process process1 exited with error: failed to start process: exec: "echo": executable file not found in %PATH%. Restarting in 5 seconds...
2024/09/14 21:28:59 manager.go:219: Process process1 exited with error: failed to start process: exec: "echo": executable file not found in %PATH%. Restarting in 5 seconds...
2024/09/14 21:29:04 manager.go:219: Process process1 exited with error: failed to start process: exec: "echo": executable file not found in %PATH%. Restarting in 5 seconds...
2024/09/14 21:29:10 manager.go:219: Process process1 exited with error: failed to start process: exec: "echo": executable file not found in %PATH%. Restarting in 5 seconds...
2024/09/14 21:29:15 manager.go:219: Process process1 exited with error: failed to start process: exec: "echo": executable file not found in %PATH%. Restarting in 5 seconds...
2024/09/14 21:29:20 manager.go:219: Process process1 exited with error: failed to start process: exec: "echo": executable file not found in %PATH%. Restarting in 5 seconds...
2024/09/14 21:29:25 manager.go:219: Process process1 exited with error: failed to start process: exec: "echo": executable file not found in %PATH%. Restarting in 5 seconds...
2024/09/14 21:29:30 manager.go:219: Process process1 exited with error: failed to start process: exec: "echo": executable file not found in %PATH%. Restarting in 5 seconds...
2024/09/14 21:29:36 manager.go:219: Process process1 exited with error: failed to start process: exec: "echo": executable file not found in %PATH%. Restarting in 5 seconds...
2024/09/14 21:29:41 manager.go:219: Process process1 exited with error: failed to start process: exec: "echo": executable file not found in %PATH%. Restarting in 5 seconds...
2024/09/14 21:29:46 manager.go:219: Process process1 exited with error: failed to start process: exec: "echo": executable file not found in %PATH%. Restarting in 5 seconds...
2024/09/14 21:29:51 manager.go:219: Process process1 exited with error: failed to start process: exec: "echo": executable file not found in %PATH%. Restarting in 5 seconds...
2024/09/14 21:29:56 manager.go:219: Process process1 exited with error: failed to start process: exec: "echo": executable file not found in %PATH%. Restarting in 5 seconds...
2024/09/14 21:30:01 manager.go:219: Process process1 exited with error: failed to start process: exec: "echo": executable file not found in %PATH%. Restarting in 5 seconds...
2024/09/14 21:30:07 manager.go:219: Process process1 exited with error: failed to start process: exec: "echo": executable file not found in %PATH%. Restarting in 5 seconds...
2024/09/14 21:30:12 manager.go:219: Process process1 exited with error: failed to start process: exec: "echo": executable file not found in %PATH%. Restarting in 5 seconds...
2024/09/14 21:30:17 manager.go:219: Process process1 exited with error: failed to start process: exec: "echo": executable file not found in %PATH%. Restarting in 5 seconds...
2024/09/14 21:30:22 manager.go:219: Process process1 exited with error: failed to start process: exec: "echo": executable file not found in %PATH%. Restarting in 5 seconds...
2024/09/14 21:30:27 manager.go:219: Process process1 exited with error: failed to start process: exec: "echo": executable file not found in %PATH%. Restarting in 5 seconds...
2024/09/14 21:30:33 manager.go:219: Process process1 exited with error: failed to start process: exec: "echo": executable file not found in %PATH%. Restarting in 5 seconds...
2024/09/14 21:30:38 manager.go:219: Process process1 exited with error: failed to start process: exec: "echo": executable file not found in %PATH%. Restarting in 5 seconds...
2024/09/14 21:30:43 manager.go:219: Process process1 exited with error: failed to start process: exec: "echo": executable file not found in %PATH%. Restarting in 5 seconds...
2024/09/14 21:30:48 manager.go:219: Process process1 exited with error: failed to start process: exec: "echo": executable file not found in %PATH%. Restarting in 5 seconds...
2024/09/14 21:30:53 manager.go:219: Process process1 exited with error: failed to start process: exec: "echo": executable file not found in %PATH%. Restarting in 5 seconds...
2024/09/14 21:30:58 manager.go:219: Process process1 exited with error: failed to start process: exec: "echo": executable file not found in %PATH%. Restarting in 5 seconds...
2024/09/14 21:33:00 main.go:51: Starting GoTaskMaster
2024/09/14 21:33:00 main.go:57: Configuration loaded from config.yaml
2024/09/14 21:33:00 manager.go:96: Initializing manager with 2 processes from config
2024/09/14 21:33:00 manager.go:112: Successfully added process: process1
2024/09/14 21:33:00 manager.go:112: Successfully added process: process2
2024/09/14 21:33:00 manager.go:170: Auto-starting process: process1
2024/09/14 21:33:00 main.go:60: Process Manager initialized
2024/09/14 21:33:00 manager.go:225: Process process1 exited with error: failed to start process: exec: "echo": executable file not found in %PATH%
2024/09/14 21:33:00 manager.go:234: Retrying to start process process1 in 5 seconds (attempt 1 of 3)...
2024/09/14 21:33:01 manager.go:225: Process process1 exited with error: failed to start process: exec: "echo": executable file not found in %PATH%
2024/09/14 21:33:01 manager.go:234: Retrying to start process process1 in 5 seconds (attempt 2 of 3)...
2024/09/14 21:33:02 manager.go:225: Process process1 exited with error: failed to start process: exec: "echo": executable file not found in %PATH%
2024/09/14 21:33:02 manager.go:229: Process process1 failed to start after 3 attempts. Marking as error.
2024/09/14 21:34:18 manager.go:295: Process process2 (PID: 22808) started successfully
2024/09/14 21:34:18 manager.go:237: Process process2 exited normally
