[2024-09-14 21:34:18] INFO: Process started (PID: 22808)
[2024-09-14 21:34:18] STDOUT: 0
[2024-09-14 21:34:18] STDOUT: 1
[2024-09-14 21:34:18] STDOUT: 2
[2024-09-14 21:34:18] STDOUT: 3
[2024-09-14 21:34:18] STDOUT: 4
[2024-09-14 21:34:18] STDOUT: 5
[2024-09-14 21:34:18] STDOUT: 6
[2024-09-14 21:34:18] STDOUT: 7
[2024-09-14 21:34:18] STDOUT: 8
[2024-09-14 21:34:18] STDOUT: 9
[2024-09-14 21:34:18] STDOUT: root1 is same as root2: True
[2024-09-14 21:34:18] STDOUT: root1 is same as root3: False
[2024-09-14 21:34:18] INFO: Process exited normally
[2024-09-14 22:57:31] INFO: Process started (PID: 21432)
[2024-09-14 22:57:31] STDOUT: 0
[2024-09-14 22:57:31] STDOUT: 1
[2024-09-14 22:57:31] STDOUT: 2
[2024-09-14 22:57:31] STDOUT: 3
[2024-09-14 22:57:31] STDOUT: 4
[2024-09-14 22:57:31] STDOUT: 5
[2024-09-14 22:57:31] STDOUT: 6
[2024-09-14 22:57:31] STDOUT: 7
[2024-09-14 22:57:31] STDOUT: 8
[2024-09-14 22:57:31] STDOUT: 9
[2024-09-14 22:57:31] STDOUT: root1 is same as root2: True
[2024-09-14 22:57:31] STDOUT: root1 is same as root3: False
[2024-09-14 22:57:31] ERROR: Error reading STDOUT: read |0: file already closed
[2024-09-14 22:57:31] INFO: Process exited normally
[2024-09-14 23:20:27] INFO: Process started (PID: 31424)
[2024-09-14 23:20:27] STDOUT: 0
[2024-09-14 23:20:27] STDOUT: 1
[2024-09-14 23:20:27] STDOUT: 2
[2024-09-14 23:20:27] STDOUT: 3
[2024-09-14 23:20:27] STDOUT: 4
[2024-09-14 23:20:27] STDOUT: 5
[2024-09-14 23:20:27] STDOUT: 6
[2024-09-14 23:20:27] STDOUT: 7
[2024-09-14 23:20:27] STDOUT: 8
[2024-09-14 23:20:27] STDOUT: 9
[2024-09-14 23:20:27] STDOUT: root1 is same as root2: True
[2024-09-14 23:20:27] STDOUT: root1 is same as root3: False
[2024-09-14 23:20:27] INFO: Process exited normally
[2024-09-14 23:25:59] INFO: Process started (PID: 21884)
[2024-09-14 23:25:59] STDOUT: 0
[2024-09-14 23:25:59] STDOUT: 1
[2024-09-14 23:25:59] STDOUT: 2
[2024-09-14 23:25:59] STDOUT: 3
[2024-09-14 23:25:59] STDOUT: 4
[2024-09-14 23:25:59] STDOUT: 5
[2024-09-14 23:25:59] STDOUT: 6
[2024-09-14 23:25:59] STDOUT: 7
[2024-09-14 23:25:59] STDOUT: 8
[2024-09-14 23:25:59] STDOUT: 9
[2024-09-14 23:25:59] STDOUT: root1 is same as root2: True
[2024-09-14 23:25:59] STDOUT: root1 is same as root3: False
[2024-09-14 23:25:59] INFO: Process exited normally
[2024-09-14 23:26:01] INFO: Process started (PID: 26668)
[2024-09-14 23:26:01] STDOUT: 0
[2024-09-14 23:26:01] STDOUT: 1
[2024-09-14 23:26:01] STDOUT: 2
[2024-09-14 23:26:01] STDOUT: 3
[2024-09-14 23:26:01] STDOUT: 4
[2024-09-14 23:26:01] STDOUT: 5
[2024-09-14 23:26:01] STDOUT: 6
[2024-09-14 23:26:01] STDOUT: 7
[2024-09-14 23:26:01] STDOUT: 8
[2024-09-14 23:26:01] STDOUT: 9
[2024-09-14 23:26:01] STDOUT: root1 is same as root2: True
[2024-09-14 23:26:01] STDOUT: root1 is same as root3: False
[2024-09-14 23:26:01] INFO: Process exited normally
[2024-09-14 23:31:56] INFO: Process started (PID: 28824)
[2024-09-14 23:31:56] STDOUT: 0
[2024-09-14 23:31:56] STDOUT: 1
[2024-09-14 23:31:56] STDOUT: 2
[2024-09-14 23:31:56] STDOUT: 3
[2024-09-14 23:31:56] STDOUT: 4
[2024-09-14 23:31:56] STDOUT: 5
[2024-09-14 23:31:56] STDOUT: 6
[2024-09-14 23:31:56] STDOUT: 7
[2024-09-14 23:31:56] STDOUT: 8
[2024-09-14 23:31:56] STDOUT: 9
[2024-09-14 23:31:56] STDOUT: root1 is same as root2: True
[2024-09-14 23:31:56] STDOUT: root1 is same as root3: False
[2024-09-14 23:31:56] INFO: Process exited normally
[2024-09-15 02:01:29] INFO: Process started (PID: 9624)
[2024-09-15 02:01:29] STDOUT: 0
[2024-09-15 02:01:29] STDOUT: 1
[2024-09-15 02:01:29] STDOUT: 2
[2024-09-15 02:01:29] STDOUT: 3
[2024-09-15 02:01:29] STDOUT: 4
[2024-09-15 02:01:29] STDOUT: 5
[2024-09-15 02:01:29] STDOUT: 6
[2024-09-15 02:01:29] STDOUT: 7
[2024-09-15 02:01:29] STDOUT: 8
[2024-09-15 02:01:29] STDOUT: 9
[2024-09-15 02:01:29] STDOUT: root1 is same as root2: True
[2024-09-15 02:01:29] STDOUT: root1 is same as root3: False
[2024-09-15 02:01:29] INFO: Process exited normally
[2024-09-15 11:34:08] INFO: Process started (PID: 16416)
[2024-09-15 11:34:08] STDOUT: 0
[2024-09-15 11:34:08] STDOUT: 1
[2024-09-15 11:34:08] STDOUT: 2
[2024-09-15 11:34:08] STDOUT: 3
[2024-09-15 11:34:08] STDOUT: 4
[2024-09-15 11:34:08] STDOUT: 5
[2024-09-15 11:34:08] STDOUT: 6
[2024-09-15 11:34:08] STDOUT: 7
[2024-09-15 11:34:08] STDOUT: 8
[2024-09-15 11:34:08] STDOUT: 9
[2024-09-15 11:34:08] STDOUT: root1 is same as root2: True
[2024-09-15 11:34:08] STDOUT: root1 is same as root3: False
[2024-09-15 11:34:08] INFO: Process exited normally
[2024-09-15 11:34:17] INFO: Process started (PID: 33732)
[2024-09-15 11:34:17] STDOUT: 0
[2024-09-15 11:34:17] STDOUT: 1
[2024-09-15 11:34:17] STDOUT: 2
[2024-09-15 11:34:17] STDOUT: 3
[2024-09-15 11:34:17] STDOUT: 4
[2024-09-15 11:34:17] STDOUT: 5
[2024-09-15 11:34:17] STDOUT: 6
[2024-09-15 11:34:17] STDOUT: 7
[2024-09-15 11:34:17] STDOUT: 8
[2024-09-15 11:34:17] STDOUT: 9
[2024-09-15 11:34:17] STDOUT: root1 is same as root2: True
[2024-09-15 11:34:17] STDOUT: root1 is same as root3: False
[2024-09-15 11:34:17] INFO: Process exited normally
[2024-09-15 11:46:06] INFO: Process started (PID: 15000)
[2024-09-15 11:46:06] STDOUT: 0
[2024-09-15 11:46:06] STDOUT: 1
[2024-09-15 11:46:06] STDOUT: 2
[2024-09-15 11:46:06] STDOUT: 3
[2024-09-15 11:46:06] STDOUT: 4
[2024-09-15 11:46:06] STDOUT: 5
[2024-09-15 11:46:06] STDOUT: 6
[2024-09-15 11:46:06] STDOUT: 7
[2024-09-15 11:46:06] STDOUT: 8
[2024-09-15 11:46:06] STDOUT: 9
[2024-09-15 11:46:06] STDOUT: root1 is same as root2: True
[2024-09-15 11:46:06] STDOUT: root1 is same as root3: False
[2024-09-15 11:46:06] INFO: Process exited normally
[2024-09-15 11:47:53] INFO: Process started (PID: 29112)
[2024-09-15 11:47:53] STDOUT: 0
[2024-09-15 11:47:53] STDOUT: 1
[2024-09-15 11:47:53] STDOUT: 2
[2024-09-15 11:47:53] STDOUT: 3
[2024-09-15 11:47:53] STDOUT: 4
[2024-09-15 11:47:53] STDOUT: 5
[2024-09-15 11:47:53] STDOUT: 6
[2024-09-15 11:47:53] STDOUT: 7
[2024-09-15 11:47:53] STDOUT: 8
[2024-09-15 11:47:53] STDOUT: 9
[2024-09-15 11:47:53] STDOUT: root1 is same as root2: True
[2024-09-15 11:47:53] STDOUT: root1 is same as root3: False
[2024-09-15 11:47:53] INFO: Process exited normally
[2024-09-15 14:14:04] INFO: Process started (PID: 14416)
[2024-09-15 14:14:04] STDOUT: 0
[2024-09-15 14:14:04] STDOUT: 1
[2024-09-15 14:14:04] STDOUT: 2
[2024-09-15 14:14:04] STDOUT: 3
[2024-09-15 14:14:04] STDOUT: 4
[2024-09-15 14:14:04] STDOUT: 5
[2024-09-15 14:14:04] STDOUT: 6
[2024-09-15 14:14:04] STDOUT: 7
[2024-09-15 14:14:04] STDOUT: 8
[2024-09-15 14:14:04] STDOUT: 9
[2024-09-15 14:14:04] STDOUT: root1 is same as root2: True
[2024-09-15 14:14:04] STDOUT: root1 is same as root3: False
[2024-09-15 14:14:04] INFO: Process exited normally
[2024-09-15 14:14:13] INFO: Process started (PID: 23000)
[2024-09-15 14:14:13] STDOUT: 0
[2024-09-15 14:14:13] STDOUT: 1
[2024-09-15 14:14:13] STDOUT: 2
[2024-09-15 14:14:13] STDOUT: 3
[2024-09-15 14:14:13] STDOUT: 4
[2024-09-15 14:14:13] STDOUT: 5
[2024-09-15 14:14:13] STDOUT: 6
[2024-09-15 14:14:13] STDOUT: 7
[2024-09-15 14:14:13] STDOUT: 8
[2024-09-15 14:14:13] STDOUT: 9
[2024-09-15 14:14:13] STDOUT: root1 is same as root2: True
[2024-09-15 14:14:13] STDOUT: root1 is same as root3: False
[2024-09-15 14:14:13] INFO: Process exited normally
